Using pre-set license
Built from '2022.3/staging' branch; Version is '2022.3.26f1 (ec6cd8118806) revision 15494360'; Using compiler version '192829333'; Build Type 'Release'
OS: 'Windows 10  (10.0.19045) 64bit Professional' Language: 'en' Physical Memory: 32609 MB
BatchMode: 1, IsHumanControllingUs: 0, StartBugReporterOnCrash: 0, Is64bit: 1, IsPro: 1

COMMAND LINE ARGUMENTS:
C:\Program Files\Unity\Hub\Editor\2022.3.26f1\Editor\Unity.exe
-adb2
-batchMode
-noUpm
-name
AssetImportWorker7
-projectPath
D:/Unity Projects/AMO/AMO
-logFile
Logs/AssetImportWorker7.log
-srvPort
50642
Successfully changed project path to: D:/Unity Projects/AMO/AMO
D:/Unity Projects/AMO/AMO
[UnityMemory] Configuration Parameters - Can be set up in boot.config
    "memorysetup-bucket-allocator-granularity=16"
    "memorysetup-bucket-allocator-bucket-count=8"
    "memorysetup-bucket-allocator-block-size=33554432"
    "memorysetup-bucket-allocator-block-count=8"
    "memorysetup-main-allocator-block-size=16777216"
    "memorysetup-thread-allocator-block-size=16777216"
    "memorysetup-gfx-main-allocator-block-size=16777216"
    "memorysetup-gfx-thread-allocator-block-size=16777216"
    "memorysetup-cache-allocator-block-size=4194304"
    "memorysetup-typetree-allocator-block-size=2097152"
    "memorysetup-profiler-bucket-allocator-granularity=16"
    "memorysetup-profiler-bucket-allocator-bucket-count=8"
    "memorysetup-profiler-bucket-allocator-block-size=33554432"
    "memorysetup-profiler-bucket-allocator-block-count=8"
    "memorysetup-profiler-allocator-block-size=16777216"
    "memorysetup-profiler-editor-allocator-block-size=1048576"
    "memorysetup-temp-allocator-size-main=16777216"
    "memorysetup-job-temp-allocator-block-size=2097152"
    "memorysetup-job-temp-allocator-block-size-background=1048576"
    "memorysetup-job-temp-allocator-reduction-small-platforms=262144"
    "memorysetup-allocator-temp-initial-block-size-main=262144"
    "memorysetup-allocator-temp-initial-block-size-worker=262144"
    "memorysetup-temp-allocator-size-background-worker=32768"
    "memorysetup-temp-allocator-size-job-worker=262144"
    "memorysetup-temp-allocator-size-preload-manager=33554432"
    "memorysetup-temp-allocator-size-nav-mesh-worker=65536"
    "memorysetup-temp-allocator-size-audio-worker=65536"
    "memorysetup-temp-allocator-size-cloud-worker=32768"
    "memorysetup-temp-allocator-size-gi-baking-worker=262144"
    "memorysetup-temp-allocator-size-gfx=262144"
Player connection [2016] Host "[IP] 10.4.26.200 [Port] 0 [Flags] 2 [Guid] 3522882256 [EditorId] 3522882256 [Version] 1048832 [Id] WindowsEditor(7,DESKTOP-2B0LO7U) [Debug] 1 [PackageName] WindowsEditor [ProjectName] Editor" joined multi-casting on [225.0.0.222:54997]...

Player connection [2016] Host "[IP] 10.4.26.200 [Port] 0 [Flags] 2 [Guid] 3522882256 [EditorId] 3522882256 [Version] 1048832 [Id] WindowsEditor(7,DESKTOP-2B0LO7U) [Debug] 1 [PackageName] WindowsEditor [ProjectName] Editor" joined alternative multi-casting on [225.0.0.222:34997]...

[Physics::Module] Initialized MultithreadedJobDispatcher with 23 workers.
Refreshing native plugins compatible for Editor in 11.76 ms, found 3 plugins.
Preloading 0 native plugins for Editor in 0.00 ms.
Initialize engine version: 2022.3.26f1 (ec6cd8118806)
[Subsystems] Discovering subsystems at path C:/Program Files/Unity/Hub/Editor/2022.3.26f1/Editor/Data/Resources/UnitySubsystems
[Subsystems] Discovering subsystems at path D:/Unity Projects/AMO/AMO/Assets
GfxDevice: creating device client; threaded=0; jobified=0
Direct3D:
    Version:  Direct3D 11.0 [level 11.1]
    Renderer: NVIDIA GeForce RTX 3080 Ti (ID=0x2208)
    Vendor:   NVIDIA
    VRAM:     12086 MB
    Driver:   31.0.15.5186
Initialize mono
Mono path[0] = 'C:/Program Files/Unity/Hub/Editor/2022.3.26f1/Editor/Data/Managed'
Mono path[1] = 'C:/Program Files/Unity/Hub/Editor/2022.3.26f1/Editor/Data/MonoBleedingEdge/lib/mono/unityjit-win32'
Mono config path = 'C:/Program Files/Unity/Hub/Editor/2022.3.26f1/Editor/Data/MonoBleedingEdge/etc'
Using monoOptions --debugger-agent=transport=dt_socket,embedding=1,server=y,suspend=n,address=127.0.0.1:56836
Begin MonoManager ReloadAssembly
Registering precompiled unity dll's ...
Register platform support module: C:/Program Files/Unity/Hub/Editor/2022.3.26f1/Editor/Data/PlaybackEngines/WebGLSupport/UnityEditor.WebGL.Extensions.dll
Register platform support module: C:/Program Files/Unity/Hub/Editor/2022.3.26f1/Editor/Data/PlaybackEngines/AndroidPlayer/UnityEditor.Android.Extensions.dll
Register platform support module: C:/Program Files/Unity/Hub/Editor/2022.3.26f1/Editor/Data/PlaybackEngines/WindowsStandaloneSupport/UnityEditor.WindowsStandalone.Extensions.dll
Register platform support module: C:/Program Files/Unity/Hub/Editor/2022.3.26f1/Editor/Data/PlaybackEngines/MetroSupport/UnityEditor.UWP.Extensions.dll
Registered in 0.007007 seconds.
- Loaded All Assemblies, in  0.302 seconds
Native extension for UWP target not found
Native extension for WindowsStandalone target not found
Native extension for Android target not found
Android Extension - Scanning For ADB Devices 208 ms
Native extension for WebGL target not found
Mono: successfully reloaded assembly
- Finished resetting the current domain, in  0.571 seconds
Domain Reload Profiling: 872ms
	BeginReloadAssembly (65ms)
		ExecutionOrderSort (0ms)
		DisableScriptedObjects (0ms)
		BackupInstance (0ms)
		ReleaseScriptingObjects (0ms)
		CreateAndSetChildDomain (0ms)
	RebuildCommonClasses (20ms)
	RebuildNativeTypeToScriptingClass (6ms)
	initialDomainReloadingComplete (39ms)
	LoadAllAssembliesAndSetupDomain (171ms)
		LoadAssemblies (65ms)
		RebuildTransferFunctionScriptingTraits (0ms)
		AnalyzeDomain (168ms)
			TypeCache.Refresh (167ms)
				TypeCache.ScanAssembly (154ms)
			ScanForSourceGeneratedMonoScriptInfo (0ms)
			ResolveRequiredComponents (1ms)
	FinalizeReload (572ms)
		ReleaseScriptCaches (0ms)
		RebuildScriptCaches (0ms)
		SetupLoadedEditorAssemblies (510ms)
			LogAssemblyErrors (0ms)
			InitializePlatformSupportModulesInManaged (329ms)
			SetLoadedEditorAssemblies (5ms)
			RefreshPlugins (0ms)
			BeforeProcessingInitializeOnLoad (2ms)
			ProcessInitializeOnLoadAttributes (126ms)
			ProcessInitializeOnLoadMethodAttributes (47ms)
			AfterProcessingInitializeOnLoad (0ms)
			EditorAssembliesLoaded (0ms)
		ExecutionOrderSort2 (0ms)
		AwakeInstancesAfterBackupRestoration (0ms)
========================================================================
Worker process is ready to serve import requests
Begin MonoManager ReloadAssembly
- Loaded All Assemblies, in  0.715 seconds
Refreshing native plugins compatible for Editor in 4.69 ms, found 3 plugins.
Native extension for UWP target not found
Native extension for WindowsStandalone target not found
Native extension for Android target not found
Native extension for WebGL target not found
Package Manager log level set to [2]
[Package Manager] Server::EnsureServerProcessIsRunning -- launch failed, reason: Unity was launched with the -noUpm command-line argument
[Package Manager] UpmClient::Send -- Unable to send message (not connected to UPM process).
[Package Manager] Cannot connect to Unity Package Manager local server
Mono: successfully reloaded assembly
- Finished resetting the current domain, in  0.776 seconds
Domain Reload Profiling: 1493ms
	BeginReloadAssembly (145ms)
		ExecutionOrderSort (0ms)
		DisableScriptedObjects (6ms)
		BackupInstance (0ms)
		ReleaseScriptingObjects (0ms)
		CreateAndSetChildDomain (18ms)
	RebuildCommonClasses (34ms)
	RebuildNativeTypeToScriptingClass (11ms)
	initialDomainReloadingComplete (45ms)
	LoadAllAssembliesAndSetupDomain (481ms)
		LoadAssemblies (333ms)
		RebuildTransferFunctionScriptingTraits (0ms)
		AnalyzeDomain (224ms)
			TypeCache.Refresh (187ms)
				TypeCache.ScanAssembly (169ms)
			ScanForSourceGeneratedMonoScriptInfo (24ms)
			ResolveRequiredComponents (11ms)
	FinalizeReload (777ms)
		ReleaseScriptCaches (0ms)
		RebuildScriptCaches (0ms)
		SetupLoadedEditorAssemblies (597ms)
			LogAssemblyErrors (0ms)
			InitializePlatformSupportModulesInManaged (30ms)
			SetLoadedEditorAssemblies (5ms)
			RefreshPlugins (0ms)
			BeforeProcessingInitializeOnLoad (76ms)
			ProcessInitializeOnLoadAttributes (402ms)
			ProcessInitializeOnLoadMethodAttributes (76ms)
			AfterProcessingInitializeOnLoad (7ms)
			EditorAssembliesLoaded (0ms)
		ExecutionOrderSort2 (0ms)
		AwakeInstancesAfterBackupRestoration (6ms)
Launched and connected shader compiler UnityShaderCompiler.exe after 0.03 seconds
Refreshing native plugins compatible for Editor in 3.28 ms, found 3 plugins.
Preloading 0 native plugins for Editor in 0.00 ms.
Unloading 5104 Unused Serialized files (Serialized files now loaded: 0)
Unloading 76 unused Assets / (392.8 KB). Loaded Objects now: 5568.
Memory consumption went from 216.2 MB to 215.9 MB.
Total: 4.294100 ms (FindLiveObjects: 0.777900 ms CreateObjectMapping: 0.244200 ms MarkObjects: 3.058400 ms  DeleteObjects: 0.212200 ms)

AssetImportParameters requested are different than current active one (requested -> active):
  custom:container-demuxer-ogg: 62fdf1f143b41e24485cea50d1cbac27 -> 
  custom:video-decoder-ogg-theora: a1e56fd34408186e4bbccfd4996cb3dc -> 
  custom:framework-win-MediaFoundation: 216162199b28c13a410421893ffa2e32 -> 
  custom:CustomObjectIndexerAttribute: 72b91833f83ae208fae7752999fa3104 -> 
  custom:container-demuxer-webm: 4f35f7cbe854078d1ac9338744f61a02 -> 
  custom:container-muxer-webm: aa71ff27fc2769a1b78a27578f13a17b -> 
  custom:video-decoder-webm-vp8: 9c59270c3fd7afecdb556c50c9e8de78 -> 
  custom:SearchIndexIgnoredProperties: e643bd26f0fe6173181afceb89e7c659 -> 
  custom:AudioImporter_EditorPlatform: d09bf68614088b80899f8185d706f6e7 -> 
  custom:video-encoder-webm-vp8: eb34c28f22e8b96e1ab97ce403110664 -> 
  custom:audio-decoder-ogg-vorbis: bf7c407c2cedff20999df2af8eb42d56 -> 
  custom:audio-encoder-webm-vorbis: bf7c407c2cedff20999df2af8eb42d56 -> 
========================================================================
Received Import Request.
  Time since last request: 10090.998278 seconds.
  path: Assets/3D Models/Animation/Anim_MochiBaby_ChoosingSignature.FBX
  artifactKey: Guid(9a16412396ffd5e40907f83a7d05d3c5) Importer(2089858483,0ecaa5967403d082aa24f35e1b516d23)
Start importing Assets/3D Models/Animation/Anim_MochiBaby_ChoosingSignature.FBX using Guid(9a16412396ffd5e40907f83a7d05d3c5) Importer(2089858483,0ecaa5967403d082aa24f35e1b516d23)  -> (artifact id: 'c6947279c1b57439ac2b53beedbf59a5') in 0.246649 seconds
Number of updated asset objects reloaded before import = 0
Number of asset objects unloaded after import = 345
========================================================================
Received Import Request.
  Time since last request: 0.000026 seconds.
  path: Assets/Simple Scroll-Snap/Scripts/Core/Editor/SimpleScrollSnapEditor.asmdef
  artifactKey: Guid(87939effc07907747877738de1e9526a) Importer(2089858483,0ecaa5967403d082aa24f35e1b516d23)
Start importing Assets/Simple Scroll-Snap/Scripts/Core/Editor/SimpleScrollSnapEditor.asmdef using Guid(87939effc07907747877738de1e9526a) Importer(2089858483,0ecaa5967403d082aa24f35e1b516d23)  -> (artifact id: '132f36cfc1f22571846c5d719d11a0ca') in 0.015979 seconds
Number of updated asset objects reloaded before import = 0
Number of asset objects unloaded after import = 1
========================================================================
Received Import Request.
  Time since last request: 0.000017 seconds.
  path: Assets/Simple Scroll-Snap/Examples/Example 1 (macOS Finder)/Scenes/Example 1 (macOS Finder).unity
  artifactKey: Guid(dae5ea06633c45e4f9bffa6afa98c239) Importer(2089858483,0ecaa5967403d082aa24f35e1b516d23)
Start importing Assets/Simple Scroll-Snap/Examples/Example 1 (macOS Finder)/Scenes/Example 1 (macOS Finder).unity using Guid(dae5ea06633c45e4f9bffa6afa98c239) Importer(2089858483,0ecaa5967403d082aa24f35e1b516d23)  -> (artifact id: '3bf444a29a1d52232877b1216a31bdc4') in 0.009712 seconds
Number of updated asset objects reloaded before import = 0
Number of asset objects unloaded after import = 1
========================================================================
Received Import Request.
  Time since last request: 0.000018 seconds.
  path: Assets/Simple Scroll-Snap/Scripts/Plugins/SimpleInspectorAttributes/SimpleInspectorAttributes.asmdef
  artifactKey: Guid(12118caebfe178849a046b8f7807f49c) Importer(2089858483,0ecaa5967403d082aa24f35e1b516d23)
Start importing Assets/Simple Scroll-Snap/Scripts/Plugins/SimpleInspectorAttributes/SimpleInspectorAttributes.asmdef using Guid(12118caebfe178849a046b8f7807f49c) Importer(2089858483,0ecaa5967403d082aa24f35e1b516d23)  -> (artifact id: '6d8dc73534030a141a1f5b7cacd7c8d3') in 0.013843 seconds
Number of updated asset objects reloaded before import = 0
Number of asset objects unloaded after import = 1
========================================================================
Received Import Request.
  Time since last request: 0.000012 seconds.
  path: Assets/Simple Scroll-Snap/Examples/Example 1 (macOS Finder)/Sprites/Songs/“Genie in a Bottle” by Christina Aguilera.png
  artifactKey: Guid(39e675b90d2186c4f8a5c29e8e7103c5) Importer(2089858483,0ecaa5967403d082aa24f35e1b516d23)
Start importing Assets/Simple Scroll-Snap/Examples/Example 1 (macOS Finder)/Sprites/Songs/“Genie in a Bottle” by Christina Aguilera.png using Guid(39e675b90d2186c4f8a5c29e8e7103c5) Importer(2089858483,0ecaa5967403d082aa24f35e1b516d23)  -> (artifact id: 'cea6c0102603075aa007394653d70178') in 0.156595 seconds
Number of updated asset objects reloaded before import = 0
Number of asset objects unloaded after import = 3
========================================================================
Received Import Request.
  Time since last request: 0.000024 seconds.
  path: Assets/Simple Scroll-Snap/Scripts/Core/Runtime/Behaviours/TransitionEffect/Samples/RecolourGreen.cs
  artifactKey: Guid(61c45debf63dd4144a04b023fcff572c) Importer(2089858483,0ecaa5967403d082aa24f35e1b516d23)
Start importing Assets/Simple Scroll-Snap/Scripts/Core/Runtime/Behaviours/TransitionEffect/Samples/RecolourGreen.cs using Guid(61c45debf63dd4144a04b023fcff572c) Importer(2089858483,0ecaa5967403d082aa24f35e1b516d23)  -> (artifact id: 'fc25eeff88ab05c3ce1779efcb8b0ed4') in 0.014115 seconds
Number of updated asset objects reloaded before import = 0
Number of asset objects unloaded after import = 1
========================================================================
Received Import Request.
  Time since last request: 0.000034 seconds.
  path: Assets/Simple Scroll-Snap/Scripts/Core/Runtime/Behaviours/TransitionEffect/Samples/RecolourBlue.cs
  artifactKey: Guid(cc4f9f7c478894249bab1fae70825701) Importer(2089858483,0ecaa5967403d082aa24f35e1b516d23)
Start importing Assets/Simple Scroll-Snap/Scripts/Core/Runtime/Behaviours/TransitionEffect/Samples/RecolourBlue.cs using Guid(cc4f9f7c478894249bab1fae70825701) Importer(2089858483,0ecaa5967403d082aa24f35e1b516d23)  -> (artifact id: '93d9aa3e41ea1e9fa9ec0cb12e5e33c0') in 0.012732 seconds
Number of updated asset objects reloaded before import = 0
Number of asset objects unloaded after import = 1
========================================================================
Received Import Request.
  Time since last request: 0.000015 seconds.
  path: Assets/Simple Scroll-Snap/Examples/Example 1 (macOS Finder)/Sprites/Songs/“Thriller” by Michael Jackson.png
  artifactKey: Guid(e524a3b68f0e0074d8bc0405fe6f4bc5) Importer(2089858483,0ecaa5967403d082aa24f35e1b516d23)
Start importing Assets/Simple Scroll-Snap/Examples/Example 1 (macOS Finder)/Sprites/Songs/“Thriller” by Michael Jackson.png using Guid(e524a3b68f0e0074d8bc0405fe6f4bc5) Importer(2089858483,0ecaa5967403d082aa24f35e1b516d23)  -> (artifact id: '0c99dd1a215130b8a96827670c5ad04f') in 0.046069 seconds
Number of updated asset objects reloaded before import = 0
Number of asset objects unloaded after import = 3
========================================================================
Received Import Request.
  Time since last request: 0.000018 seconds.
  path: Assets/Simple Scroll-Snap/Examples/Example 3 (Slot Machine)/Sprites/Slot Machine Icons.png
  artifactKey: Guid(595bd02e04d6e8144adc1c0a1a1a0227) Importer(2089858483,0ecaa5967403d082aa24f35e1b516d23)
Start importing Assets/Simple Scroll-Snap/Examples/Example 3 (Slot Machine)/Sprites/Slot Machine Icons.png using Guid(595bd02e04d6e8144adc1c0a1a1a0227) Importer(2089858483,0ecaa5967403d082aa24f35e1b516d23)  -> (artifact id: 'da07e032118a11cec3d547761fd3a26e') in 0.057817 seconds
Number of updated asset objects reloaded before import = 0
Number of asset objects unloaded after import = 11
========================================================================
Received Import Request.
  Time since last request: 0.000023 seconds.
  path: Assets/Simple Scroll-Snap/Examples/_Common/Animations/Expanded.anim
  artifactKey: Guid(bee2d9b133224e5419d965492d2ca68a) Importer(2089858483,0ecaa5967403d082aa24f35e1b516d23)
Start importing Assets/Simple Scroll-Snap/Examples/_Common/Animations/Expanded.anim using Guid(bee2d9b133224e5419d965492d2ca68a) Importer(2089858483,0ecaa5967403d082aa24f35e1b516d23)  -> (artifact id: '75c943eafad130b6d2cdae68a628a767') in 0.013156 seconds
Number of updated asset objects reloaded before import = 0
Number of asset objects unloaded after import = 1
========================================================================
Received Import Request.
  Time since last request: 0.000018 seconds.
  path: Assets/Simple Scroll-Snap/Scripts/Core/Runtime/Behaviours/TransitionEffect/Samples/ScaleZ.cs
  artifactKey: Guid(ec1b22c7c635aa64f9bd7c8a045cfda0) Importer(2089858483,0ecaa5967403d082aa24f35e1b516d23)
Start importing Assets/Simple Scroll-Snap/Scripts/Core/Runtime/Behaviours/TransitionEffect/Samples/ScaleZ.cs using Guid(ec1b22c7c635aa64f9bd7c8a045cfda0) Importer(2089858483,0ecaa5967403d082aa24f35e1b516d23)  -> (artifact id: '12927bedad068cbcd6e94a19556e5070') in 0.027584 seconds
Number of updated asset objects reloaded before import = 0
Number of asset objects unloaded after import = 1
========================================================================
Received Import Request.
  Time since last request: 0.000023 seconds.
  path: Assets/3D Models/MOCHI BABY/Unity Textures/T_Mochi_Baby_Shoes.png
  artifactKey: Guid(58e2966621c8db544ae934f0efb6fa1c) Importer(2089858483,0ecaa5967403d082aa24f35e1b516d23)
Start importing Assets/3D Models/MOCHI BABY/Unity Textures/T_Mochi_Baby_Shoes.png using Guid(58e2966621c8db544ae934f0efb6fa1c) Importer(2089858483,0ecaa5967403d082aa24f35e1b516d23)  -> (artifact id: 'eee2a301dd9ad113eaff90f1ec462a65') in 0.080227 seconds
Number of updated asset objects reloaded before import = 0
Number of asset objects unloaded after import = 1
========================================================================
Received Import Request.
  Time since last request: 0.000029 seconds.
  path: Assets/Simple Scroll-Snap/Scripts/Core/Runtime/Behaviours/TransitionEffect/Samples/RecolourRed.cs
  artifactKey: Guid(cbf1fb29f54aa1e4d819975ed47b10e3) Importer(2089858483,0ecaa5967403d082aa24f35e1b516d23)
Start importing Assets/Simple Scroll-Snap/Scripts/Core/Runtime/Behaviours/TransitionEffect/Samples/RecolourRed.cs using Guid(cbf1fb29f54aa1e4d819975ed47b10e3) Importer(2089858483,0ecaa5967403d082aa24f35e1b516d23)  -> (artifact id: '35b2bc19208e5b7e97c2316caa2da252') in 0.012412 seconds
Number of updated asset objects reloaded before import = 0
Number of asset objects unloaded after import = 1
========================================================================
Received Import Request.
  Time since last request: 0.000017 seconds.
  path: Assets/Scripts/AlarmUI.cs
  artifactKey: Guid(2a9532855dda1b543976708638c5e9e1) Importer(2089858483,0ecaa5967403d082aa24f35e1b516d23)
Start importing Assets/Scripts/AlarmUI.cs using Guid(2a9532855dda1b543976708638c5e9e1) Importer(2089858483,0ecaa5967403d082aa24f35e1b516d23)  -> (artifact id: '9792638faecb774c1bd50a457e798902') in 0.010571 seconds
Number of updated asset objects reloaded before import = 0
Number of asset objects unloaded after import = 1
========================================================================
Received Import Request.
  Time since last request: 0.000020 seconds.
  path: Assets/Resources/DOTweenSettings.asset
  artifactKey: Guid(dc4826849f70ad74796f127ffba98be3) Importer(2089858483,0ecaa5967403d082aa24f35e1b516d23)
Start importing Assets/Resources/DOTweenSettings.asset using Guid(dc4826849f70ad74796f127ffba98be3) Importer(2089858483,0ecaa5967403d082aa24f35e1b516d23)  -> (artifact id: '8296bcd9d31f18dda64bb0cfd65208c0') in 0.027790 seconds
Number of updated asset objects reloaded before import = 0
Number of asset objects unloaded after import = 1
========================================================================
Received Import Request.
  Time since last request: 0.000017 seconds.
  path: Assets/3D Models/MOCHI BABY/Mochi_Baby_Helm_SKM.fbx
  artifactKey: Guid(8bc2fe1d714b6784baa4e48ded034fe6) Importer(2089858483,0ecaa5967403d082aa24f35e1b516d23)
Start importing Assets/3D Models/MOCHI BABY/Mochi_Baby_Helm_SKM.fbx using Guid(8bc2fe1d714b6784baa4e48ded034fe6) Importer(2089858483,0ecaa5967403d082aa24f35e1b516d23)  -> (artifact id: '46dea7b823f3ac6135c8e540ec257d63') in 0.026350 seconds
Number of updated asset objects reloaded before import = 0
Number of asset objects unloaded after import = 92
========================================================================
Received Import Request.
  Time since last request: 0.000017 seconds.
  path: Assets/DOTween_1_2_765/DOTween/Editor/Imgs/DOTweenIcon.png
  artifactKey: Guid(b6189e292ce4cf7439c0c3e46502517d) Importer(2089858483,0ecaa5967403d082aa24f35e1b516d23)
Start importing Assets/DOTween_1_2_765/DOTween/Editor/Imgs/DOTweenIcon.png using Guid(b6189e292ce4cf7439c0c3e46502517d) Importer(2089858483,0ecaa5967403d082aa24f35e1b516d23)  -> (artifact id: '5434e38d5654bb9a11cba543e4059397') in 0.032731 seconds
Number of updated asset objects reloaded before import = 0
Number of asset objects unloaded after import = 1
Editor requested this worker to shutdown with reason: Scaling down because of idle timeout
TcpMessagingSession - receive error: operation aborted. errorcode: 995, details: The I/O operation has been aborted because of either a thread exit or an application request.
AssetImportWorker is now disconnected from the server
Process exiting
Exiting without the bug reporter. Application will terminate with return code 0