Using pre-set license
Built from '2022.3/staging' branch; Version is '2022.3.26f1 (ec6cd8118806) revision 15494360'; Using compiler version '192829333'; Build Type 'Release'
OS: 'Windows 10  (10.0.19045) 64bit Professional' Language: 'en' Physical Memory: 32609 MB
BatchMode: 1, IsHumanControllingUs: 0, StartBugReporterOnCrash: 0, Is64bit: 1, IsPro: 1

COMMAND LINE ARGUMENTS:
C:\Program Files\Unity\Hub\Editor\2022.3.26f1\Editor\Unity.exe
-adb2
-batchMode
-noUpm
-name
AssetImportWorker9
-projectPath
D:/Unity Projects/AMO/AMO
-logFile
Logs/AssetImportWorker9.log
-srvPort
50642
Successfully changed project path to: D:/Unity Projects/AMO/AMO
D:/Unity Projects/AMO/AMO
[UnityMemory] Configuration Parameters - Can be set up in boot.config
    "memorysetup-bucket-allocator-granularity=16"
    "memorysetup-bucket-allocator-bucket-count=8"
    "memorysetup-bucket-allocator-block-size=33554432"
    "memorysetup-bucket-allocator-block-count=8"
    "memorysetup-main-allocator-block-size=16777216"
    "memorysetup-thread-allocator-block-size=16777216"
    "memorysetup-gfx-main-allocator-block-size=16777216"
    "memorysetup-gfx-thread-allocator-block-size=16777216"
    "memorysetup-cache-allocator-block-size=4194304"
    "memorysetup-typetree-allocator-block-size=2097152"
    "memorysetup-profiler-bucket-allocator-granularity=16"
    "memorysetup-profiler-bucket-allocator-bucket-count=8"
    "memorysetup-profiler-bucket-allocator-block-size=33554432"
    "memorysetup-profiler-bucket-allocator-block-count=8"
    "memorysetup-profiler-allocator-block-size=16777216"
    "memorysetup-profiler-editor-allocator-block-size=1048576"
    "memorysetup-temp-allocator-size-main=16777216"
    "memorysetup-job-temp-allocator-block-size=2097152"
    "memorysetup-job-temp-allocator-block-size-background=1048576"
    "memorysetup-job-temp-allocator-reduction-small-platforms=262144"
    "memorysetup-allocator-temp-initial-block-size-main=262144"
    "memorysetup-allocator-temp-initial-block-size-worker=262144"
    "memorysetup-temp-allocator-size-background-worker=32768"
    "memorysetup-temp-allocator-size-job-worker=262144"
    "memorysetup-temp-allocator-size-preload-manager=33554432"
    "memorysetup-temp-allocator-size-nav-mesh-worker=65536"
    "memorysetup-temp-allocator-size-audio-worker=65536"
    "memorysetup-temp-allocator-size-cloud-worker=32768"
    "memorysetup-temp-allocator-size-gi-baking-worker=262144"
    "memorysetup-temp-allocator-size-gfx=262144"
Player connection [10056] Host "[IP] 10.4.26.200 [Port] 0 [Flags] 2 [Guid] 1182832994 [EditorId] 1182832994 [Version] 1048832 [Id] WindowsEditor(7,DESKTOP-2B0LO7U) [Debug] 1 [PackageName] WindowsEditor [ProjectName] Editor" joined multi-casting on [225.0.0.222:54997]...

Player connection [10056] Host "[IP] 10.4.26.200 [Port] 0 [Flags] 2 [Guid] 1182832994 [EditorId] 1182832994 [Version] 1048832 [Id] WindowsEditor(7,DESKTOP-2B0LO7U) [Debug] 1 [PackageName] WindowsEditor [ProjectName] Editor" joined alternative multi-casting on [225.0.0.222:34997]...

[Physics::Module] Initialized MultithreadedJobDispatcher with 23 workers.
Refreshing native plugins compatible for Editor in 10.57 ms, found 3 plugins.
Preloading 0 native plugins for Editor in 0.00 ms.
Initialize engine version: 2022.3.26f1 (ec6cd8118806)
[Subsystems] Discovering subsystems at path C:/Program Files/Unity/Hub/Editor/2022.3.26f1/Editor/Data/Resources/UnitySubsystems
[Subsystems] Discovering subsystems at path D:/Unity Projects/AMO/AMO/Assets
GfxDevice: creating device client; threaded=0; jobified=0
Direct3D:
    Version:  Direct3D 11.0 [level 11.1]
    Renderer: NVIDIA GeForce RTX 3080 Ti (ID=0x2208)
    Vendor:   NVIDIA
    VRAM:     12086 MB
    Driver:   31.0.15.5186
Initialize mono
Mono path[0] = 'C:/Program Files/Unity/Hub/Editor/2022.3.26f1/Editor/Data/Managed'
Mono path[1] = 'C:/Program Files/Unity/Hub/Editor/2022.3.26f1/Editor/Data/MonoBleedingEdge/lib/mono/unityjit-win32'
Mono config path = 'C:/Program Files/Unity/Hub/Editor/2022.3.26f1/Editor/Data/MonoBleedingEdge/etc'
Using monoOptions --debugger-agent=transport=dt_socket,embedding=1,server=y,suspend=n,address=127.0.0.1:56800
Begin MonoManager ReloadAssembly
Registering precompiled unity dll's ...
Register platform support module: C:/Program Files/Unity/Hub/Editor/2022.3.26f1/Editor/Data/PlaybackEngines/WebGLSupport/UnityEditor.WebGL.Extensions.dll
Register platform support module: C:/Program Files/Unity/Hub/Editor/2022.3.26f1/Editor/Data/PlaybackEngines/AndroidPlayer/UnityEditor.Android.Extensions.dll
Register platform support module: C:/Program Files/Unity/Hub/Editor/2022.3.26f1/Editor/Data/PlaybackEngines/WindowsStandaloneSupport/UnityEditor.WindowsStandalone.Extensions.dll
Register platform support module: C:/Program Files/Unity/Hub/Editor/2022.3.26f1/Editor/Data/PlaybackEngines/MetroSupport/UnityEditor.UWP.Extensions.dll
Registered in 0.019744 seconds.
- Loaded All Assemblies, in  0.383 seconds
Native extension for UWP target not found
Native extension for WindowsStandalone target not found
Native extension for Android target not found
Android Extension - Scanning For ADB Devices 222 ms
Native extension for WebGL target not found
Mono: successfully reloaded assembly
- Finished resetting the current domain, in  0.571 seconds
Domain Reload Profiling: 953ms
	BeginReloadAssembly (106ms)
		ExecutionOrderSort (0ms)
		DisableScriptedObjects (0ms)
		BackupInstance (0ms)
		ReleaseScriptingObjects (0ms)
		CreateAndSetChildDomain (1ms)
	RebuildCommonClasses (34ms)
	RebuildNativeTypeToScriptingClass (11ms)
	initialDomainReloadingComplete (79ms)
	LoadAllAssembliesAndSetupDomain (151ms)
		LoadAssemblies (105ms)
		RebuildTransferFunctionScriptingTraits (0ms)
		AnalyzeDomain (148ms)
			TypeCache.Refresh (147ms)
				TypeCache.ScanAssembly (134ms)
			ScanForSourceGeneratedMonoScriptInfo (0ms)
			ResolveRequiredComponents (0ms)
	FinalizeReload (572ms)
		ReleaseScriptCaches (0ms)
		RebuildScriptCaches (0ms)
		SetupLoadedEditorAssemblies (510ms)
			LogAssemblyErrors (0ms)
			InitializePlatformSupportModulesInManaged (336ms)
			SetLoadedEditorAssemblies (4ms)
			RefreshPlugins (0ms)
			BeforeProcessingInitializeOnLoad (2ms)
			ProcessInitializeOnLoadAttributes (119ms)
			ProcessInitializeOnLoadMethodAttributes (47ms)
			AfterProcessingInitializeOnLoad (0ms)
			EditorAssembliesLoaded (0ms)
		ExecutionOrderSort2 (0ms)
		AwakeInstancesAfterBackupRestoration (0ms)
========================================================================
Worker process is ready to serve import requests
Begin MonoManager ReloadAssembly
- Loaded All Assemblies, in  0.711 seconds
Refreshing native plugins compatible for Editor in 4.64 ms, found 3 plugins.
Native extension for UWP target not found
Native extension for WindowsStandalone target not found
Native extension for Android target not found
Native extension for WebGL target not found
Package Manager log level set to [2]
[Package Manager] Server::EnsureServerProcessIsRunning -- launch failed, reason: Unity was launched with the -noUpm command-line argument
[Package Manager] UpmClient::Send -- Unable to send message (not connected to UPM process).
[Package Manager] Cannot connect to Unity Package Manager local server
Mono: successfully reloaded assembly
- Finished resetting the current domain, in  0.781 seconds
Domain Reload Profiling: 1490ms
	BeginReloadAssembly (144ms)
		ExecutionOrderSort (0ms)
		DisableScriptedObjects (6ms)
		BackupInstance (0ms)
		ReleaseScriptingObjects (0ms)
		CreateAndSetChildDomain (18ms)
	RebuildCommonClasses (33ms)
	RebuildNativeTypeToScriptingClass (11ms)
	initialDomainReloadingComplete (44ms)
	LoadAllAssembliesAndSetupDomain (476ms)
		LoadAssemblies (331ms)
		RebuildTransferFunctionScriptingTraits (0ms)
		AnalyzeDomain (228ms)
			TypeCache.Refresh (187ms)
				TypeCache.ScanAssembly (169ms)
			ScanForSourceGeneratedMonoScriptInfo (24ms)
			ResolveRequiredComponents (11ms)
	FinalizeReload (782ms)
		ReleaseScriptCaches (0ms)
		RebuildScriptCaches (0ms)
		SetupLoadedEditorAssemblies (601ms)
			LogAssemblyErrors (0ms)
			InitializePlatformSupportModulesInManaged (32ms)
			SetLoadedEditorAssemblies (5ms)
			RefreshPlugins (0ms)
			BeforeProcessingInitializeOnLoad (77ms)
			ProcessInitializeOnLoadAttributes (403ms)
			ProcessInitializeOnLoadMethodAttributes (76ms)
			AfterProcessingInitializeOnLoad (8ms)
			EditorAssembliesLoaded (0ms)
		ExecutionOrderSort2 (0ms)
		AwakeInstancesAfterBackupRestoration (6ms)
Launched and connected shader compiler UnityShaderCompiler.exe after 0.03 seconds
Refreshing native plugins compatible for Editor in 3.34 ms, found 3 plugins.
Preloading 0 native plugins for Editor in 0.00 ms.
Unloading 5104 Unused Serialized files (Serialized files now loaded: 0)
Unloading 76 unused Assets / (393.9 KB). Loaded Objects now: 5568.
Memory consumption went from 216.0 MB to 215.6 MB.
Total: 4.644100 ms (FindLiveObjects: 0.781400 ms CreateObjectMapping: 0.246500 ms MarkObjects: 3.389900 ms  DeleteObjects: 0.224800 ms)

AssetImportParameters requested are different than current active one (requested -> active):
  custom:container-demuxer-ogg: 62fdf1f143b41e24485cea50d1cbac27 -> 
  custom:video-decoder-ogg-theora: a1e56fd34408186e4bbccfd4996cb3dc -> 
  custom:framework-win-MediaFoundation: 216162199b28c13a410421893ffa2e32 -> 
  custom:CustomObjectIndexerAttribute: 72b91833f83ae208fae7752999fa3104 -> 
  custom:container-demuxer-webm: 4f35f7cbe854078d1ac9338744f61a02 -> 
  custom:container-muxer-webm: aa71ff27fc2769a1b78a27578f13a17b -> 
  custom:video-decoder-webm-vp8: 9c59270c3fd7afecdb556c50c9e8de78 -> 
  custom:SearchIndexIgnoredProperties: e643bd26f0fe6173181afceb89e7c659 -> 
  custom:AudioImporter_EditorPlatform: d09bf68614088b80899f8185d706f6e7 -> 
  custom:video-encoder-webm-vp8: eb34c28f22e8b96e1ab97ce403110664 -> 
  custom:audio-decoder-ogg-vorbis: bf7c407c2cedff20999df2af8eb42d56 -> 
  custom:audio-encoder-webm-vorbis: bf7c407c2cedff20999df2af8eb42d56 -> 
========================================================================
Received Import Request.
  Time since last request: 10091.026889 seconds.
  path: Assets/DOTween_1_2_765/DOTween/Modules/DOTweenModuleAudio.cs
  artifactKey: Guid(fa69f4d10825fff40aac8d7df3cac877) Importer(2089858483,0ecaa5967403d082aa24f35e1b516d23)
Start importing Assets/DOTween_1_2_765/DOTween/Modules/DOTweenModuleAudio.cs using Guid(fa69f4d10825fff40aac8d7df3cac877) Importer(2089858483,0ecaa5967403d082aa24f35e1b516d23)  -> (artifact id: 'd4af07a70cf1fbc24565baae7fc6791d') in 0.196295 seconds
Number of updated asset objects reloaded before import = 0
Number of asset objects unloaded after import = 1
========================================================================
Received Import Request.
  Time since last request: 0.000024 seconds.
  path: Assets/Simple Scroll-Snap/Scripts/Core/Editor/SSSCopyrightEditor.cs
  artifactKey: Guid(29cf7ea2f25bb4845bc399ddb84ea997) Importer(2089858483,0ecaa5967403d082aa24f35e1b516d23)
Start importing Assets/Simple Scroll-Snap/Scripts/Core/Editor/SSSCopyrightEditor.cs using Guid(29cf7ea2f25bb4845bc399ddb84ea997) Importer(2089858483,0ecaa5967403d082aa24f35e1b516d23)  -> (artifact id: '30bd31c9e72bf1f4d7f8ca7df9dededb') in 0.011764 seconds
Number of updated asset objects reloaded before import = 0
Number of asset objects unloaded after import = 1
========================================================================
Received Import Request.
  Time since last request: 0.000018 seconds.
  path: Assets/Simple Scroll-Snap/Examples/Example 1 (macOS Finder)/Sprites/Songs/“Baby One More Time” by Britney Spears.png
  artifactKey: Guid(451b614b13e598b45ab8c4b6e499be4e) Importer(2089858483,0ecaa5967403d082aa24f35e1b516d23)
Start importing Assets/Simple Scroll-Snap/Examples/Example 1 (macOS Finder)/Sprites/Songs/“Baby One More Time” by Britney Spears.png using Guid(451b614b13e598b45ab8c4b6e499be4e) Importer(2089858483,0ecaa5967403d082aa24f35e1b516d23)  -> (artifact id: '1d436ad82641fc292086e2282806ace7') in 0.308614 seconds
Number of updated asset objects reloaded before import = 0
Number of asset objects unloaded after import = 3
========================================================================
Received Import Request.
  Time since last request: 0.000023 seconds.
  path: Assets/Simple Scroll-Snap/Examples/Example 6 (3D Shape Selection)/Materials/Ground.mat
  artifactKey: Guid(0b2d3ea949c35764785d67881e19342c) Importer(2089858483,0ecaa5967403d082aa24f35e1b516d23)
Start importing Assets/Simple Scroll-Snap/Examples/Example 6 (3D Shape Selection)/Materials/Ground.mat using Guid(0b2d3ea949c35764785d67881e19342c) Importer(2089858483,0ecaa5967403d082aa24f35e1b516d23)  -> (artifact id: '9000981de5412f6db37a5c689db9e76a') in 0.033069 seconds
Number of updated asset objects reloaded before import = 0
Number of asset objects unloaded after import = 1
========================================================================
Received Import Request.
  Time since last request: 0.000025 seconds.
  path: Assets/Simple Scroll-Snap/Examples/Example 5 (Dynamic Content)/Scripts/DynamicContent.cs
  artifactKey: Guid(4fdd7870f24e46a40b91e37601722a06) Importer(2089858483,0ecaa5967403d082aa24f35e1b516d23)
Start importing Assets/Simple Scroll-Snap/Examples/Example 5 (Dynamic Content)/Scripts/DynamicContent.cs using Guid(4fdd7870f24e46a40b91e37601722a06) Importer(2089858483,0ecaa5967403d082aa24f35e1b516d23)  -> (artifact id: '37a57397af2758d442400a2f87de449e') in 0.010844 seconds
Number of updated asset objects reloaded before import = 0
Number of asset objects unloaded after import = 1
========================================================================
Received Import Request.
  Time since last request: 0.000017 seconds.
  path: Assets/Simple Scroll-Snap/Scripts/Plugins/Utilities/Editor/EditorUtilities.asmdef
  artifactKey: Guid(8a8c5dc53dc04e0448389944602a225f) Importer(2089858483,0ecaa5967403d082aa24f35e1b516d23)
Start importing Assets/Simple Scroll-Snap/Scripts/Plugins/Utilities/Editor/EditorUtilities.asmdef using Guid(8a8c5dc53dc04e0448389944602a225f) Importer(2089858483,0ecaa5967403d082aa24f35e1b516d23)  -> (artifact id: '376c68e18c54fdb98e1ff8f957ec9611') in 0.039582 seconds
Number of updated asset objects reloaded before import = 0
Number of asset objects unloaded after import = 1
========================================================================
Received Import Request.
  Time since last request: 0.000017 seconds.
  path: Assets/Simple Scroll-Snap/Documentation/Documentation.pdf
  artifactKey: Guid(9417be83e44ffda408714d0fbcef034e) Importer(2089858483,0ecaa5967403d082aa24f35e1b516d23)
Start importing Assets/Simple Scroll-Snap/Documentation/Documentation.pdf using Guid(9417be83e44ffda408714d0fbcef034e) Importer(2089858483,0ecaa5967403d082aa24f35e1b516d23)  -> (artifact id: '514009dacad2f9eeb7993a96394b52f1') in 0.024277 seconds
Number of updated asset objects reloaded before import = 0
Number of asset objects unloaded after import = 1
========================================================================
Received Import Request.
  Time since last request: 0.000020 seconds.
  path: Assets/Simple Scroll-Snap/Examples/Example 1 (macOS Finder)/Sprites/Songs/“Uptown Funk” by Mark Ronson and Bruno Mars.png
  artifactKey: Guid(28dfc0b06f0727e45a2fe803a094559e) Importer(2089858483,0ecaa5967403d082aa24f35e1b516d23)
Start importing Assets/Simple Scroll-Snap/Examples/Example 1 (macOS Finder)/Sprites/Songs/“Uptown Funk” by Mark Ronson and Bruno Mars.png using Guid(28dfc0b06f0727e45a2fe803a094559e) Importer(2089858483,0ecaa5967403d082aa24f35e1b516d23)  -> (artifact id: 'd07348919a8be7a8e93e0124f8e0b25d') in 0.065951 seconds
Number of updated asset objects reloaded before import = 0
Number of asset objects unloaded after import = 3
========================================================================
Received Import Request.
  Time since last request: 0.000019 seconds.
  path: Assets/Simple Scroll-Snap/Scripts/Core/Runtime/Behaviours/TransitionEffect/Samples/RotateX.cs
  artifactKey: Guid(2edcfda215ef0dd4abdcc7f06570b187) Importer(2089858483,0ecaa5967403d082aa24f35e1b516d23)
Start importing Assets/Simple Scroll-Snap/Scripts/Core/Runtime/Behaviours/TransitionEffect/Samples/RotateX.cs using Guid(2edcfda215ef0dd4abdcc7f06570b187) Importer(2089858483,0ecaa5967403d082aa24f35e1b516d23)  -> (artifact id: '08e442f318888e9747e92c317e837ced') in 0.011156 seconds
Number of updated asset objects reloaded before import = 0
Number of asset objects unloaded after import = 1
========================================================================
Received Import Request.
  Time since last request: 0.000016 seconds.
  path: Assets/QRcode/Plugins/Internal/NativePluginStatic.cs
  artifactKey: Guid(ff9880a68b36b4976bb7ee14cefded6b) Importer(2089858483,0ecaa5967403d082aa24f35e1b516d23)
Start importing Assets/QRcode/Plugins/Internal/NativePluginStatic.cs using Guid(ff9880a68b36b4976bb7ee14cefded6b) Importer(2089858483,0ecaa5967403d082aa24f35e1b516d23)  -> (artifact id: '9d3dc874d5e64e2e350b70b804f3ef51') in 0.010314 seconds
Number of updated asset objects reloaded before import = 0
Number of asset objects unloaded after import = 1
========================================================================
Received Import Request.
  Time since last request: 0.000021 seconds.
  path: Assets/SpeechToText/Android/STTInteractionCallbackAndroid.cs
  artifactKey: Guid(82274ccc8e66eb243b0ea95903cccd76) Importer(2089858483,0ecaa5967403d082aa24f35e1b516d23)
Start importing Assets/SpeechToText/Android/STTInteractionCallbackAndroid.cs using Guid(82274ccc8e66eb243b0ea95903cccd76) Importer(2089858483,0ecaa5967403d082aa24f35e1b516d23)  -> (artifact id: 'bb372022b4c8dd25452f8a1c6c18d044') in 0.012566 seconds
Number of updated asset objects reloaded before import = 0
Number of asset objects unloaded after import = 1
========================================================================
Received Import Request.
  Time since last request: 0.000025 seconds.
  path: Assets/Simple Scroll-Snap/Examples/_Common/Animations/Normal.anim
  artifactKey: Guid(a2bc5fbb5767b3a42b0fab6ff54f17b6) Importer(2089858483,0ecaa5967403d082aa24f35e1b516d23)
Start importing Assets/Simple Scroll-Snap/Examples/_Common/Animations/Normal.anim using Guid(a2bc5fbb5767b3a42b0fab6ff54f17b6) Importer(2089858483,0ecaa5967403d082aa24f35e1b516d23)  -> (artifact id: '19a9d029935cce76ef63df15c274fbfb') in 0.017968 seconds
Number of updated asset objects reloaded before import = 0
Number of asset objects unloaded after import = 1
========================================================================
Received Import Request.
  Time since last request: 0.000018 seconds.
  path: Assets/JKT_ART/mon_00/textures/MatCap_bomb.psd
  artifactKey: Guid(1cfb24bbaa19e5b4f951d17037947b06) Importer(2089858483,0ecaa5967403d082aa24f35e1b516d23)
Start importing Assets/JKT_ART/mon_00/textures/MatCap_bomb.psd using Guid(1cfb24bbaa19e5b4f951d17037947b06) Importer(2089858483,0ecaa5967403d082aa24f35e1b516d23)  -> (artifact id: '88fec4006388442773637c65d0ca49a5') in 0.033427 seconds
Number of updated asset objects reloaded before import = 0
Number of asset objects unloaded after import = 1
========================================================================
Received Import Request.
  Time since last request: 0.000018 seconds.
  path: Assets/3D Models/AROHA BABY/Materials/model_eye_arh_bby_mat.mat
  artifactKey: Guid(ee8290a34d4f0a54b8e364f39e62b433) Importer(2089858483,0ecaa5967403d082aa24f35e1b516d23)
Start importing Assets/3D Models/AROHA BABY/Materials/model_eye_arh_bby_mat.mat using Guid(ee8290a34d4f0a54b8e364f39e62b433) Importer(2089858483,0ecaa5967403d082aa24f35e1b516d23)  -> (artifact id: '29296132496629680927928dcc7d2f99') in 0.066420 seconds
Number of updated asset objects reloaded before import = 0
Number of asset objects unloaded after import = 2
Editor requested this worker to shutdown with reason: Scaling down because of idle timeout
TcpMessagingSession - receive error: operation aborted. errorcode: 995, details: The I/O operation has been aborted because of either a thread exit or an application request.
AssetImportWorker is now disconnected from the server
Process exiting
Exiting without the bug reporter. Application will terminate with return code 0