Using pre-set license
Built from '2022.3/staging' branch; Version is '2022.3.26f1 (ec6cd8118806) revision 15494360'; Using compiler version '192829333'; Build Type 'Release'
OS: 'Windows 10  (10.0.19045) 64bit Professional' Language: 'en' Physical Memory: 32609 MB
BatchMode: 1, IsHumanControllingUs: 0, StartBugReporterOnCrash: 0, Is64bit: 1, IsPro: 1

COMMAND LINE ARGUMENTS:
C:\Program Files\Unity\Hub\Editor\2022.3.26f1\Editor\Unity.exe
-adb2
-batchMode
-noUpm
-name
AssetImportWorker8
-projectPath
D:/Unity Projects/AMO/AMO
-logFile
Logs/AssetImportWorker8.log
-srvPort
50642
Successfully changed project path to: D:/Unity Projects/AMO/AMO
D:/Unity Projects/AMO/AMO
[UnityMemory] Configuration Parameters - Can be set up in boot.config
    "memorysetup-bucket-allocator-granularity=16"
    "memorysetup-bucket-allocator-bucket-count=8"
    "memorysetup-bucket-allocator-block-size=33554432"
    "memorysetup-bucket-allocator-block-count=8"
    "memorysetup-main-allocator-block-size=16777216"
    "memorysetup-thread-allocator-block-size=16777216"
    "memorysetup-gfx-main-allocator-block-size=16777216"
    "memorysetup-gfx-thread-allocator-block-size=16777216"
    "memorysetup-cache-allocator-block-size=4194304"
    "memorysetup-typetree-allocator-block-size=2097152"
    "memorysetup-profiler-bucket-allocator-granularity=16"
    "memorysetup-profiler-bucket-allocator-bucket-count=8"
    "memorysetup-profiler-bucket-allocator-block-size=33554432"
    "memorysetup-profiler-bucket-allocator-block-count=8"
    "memorysetup-profiler-allocator-block-size=16777216"
    "memorysetup-profiler-editor-allocator-block-size=1048576"
    "memorysetup-temp-allocator-size-main=16777216"
    "memorysetup-job-temp-allocator-block-size=2097152"
    "memorysetup-job-temp-allocator-block-size-background=1048576"
    "memorysetup-job-temp-allocator-reduction-small-platforms=262144"
    "memorysetup-allocator-temp-initial-block-size-main=262144"
    "memorysetup-allocator-temp-initial-block-size-worker=262144"
    "memorysetup-temp-allocator-size-background-worker=32768"
    "memorysetup-temp-allocator-size-job-worker=262144"
    "memorysetup-temp-allocator-size-preload-manager=33554432"
    "memorysetup-temp-allocator-size-nav-mesh-worker=65536"
    "memorysetup-temp-allocator-size-audio-worker=65536"
    "memorysetup-temp-allocator-size-cloud-worker=32768"
    "memorysetup-temp-allocator-size-gi-baking-worker=262144"
    "memorysetup-temp-allocator-size-gfx=262144"
Player connection [21452] Host "[IP] 10.4.26.200 [Port] 0 [Flags] 2 [Guid] 2334811229 [EditorId] 2334811229 [Version] 1048832 [Id] WindowsEditor(7,DESKTOP-2B0LO7U) [Debug] 1 [PackageName] WindowsEditor [ProjectName] Editor" joined multi-casting on [225.0.0.222:54997]...

Player connection [21452] Host "[IP] 10.4.26.200 [Port] 0 [Flags] 2 [Guid] 2334811229 [EditorId] 2334811229 [Version] 1048832 [Id] WindowsEditor(7,DESKTOP-2B0LO7U) [Debug] 1 [PackageName] WindowsEditor [ProjectName] Editor" joined alternative multi-casting on [225.0.0.222:34997]...

[Physics::Module] Initialized MultithreadedJobDispatcher with 23 workers.
Refreshing native plugins compatible for Editor in 11.75 ms, found 3 plugins.
Preloading 0 native plugins for Editor in 0.00 ms.
Initialize engine version: 2022.3.26f1 (ec6cd8118806)
[Subsystems] Discovering subsystems at path C:/Program Files/Unity/Hub/Editor/2022.3.26f1/Editor/Data/Resources/UnitySubsystems
[Subsystems] Discovering subsystems at path D:/Unity Projects/AMO/AMO/Assets
GfxDevice: creating device client; threaded=0; jobified=0
Direct3D:
    Version:  Direct3D 11.0 [level 11.1]
    Renderer: NVIDIA GeForce RTX 3080 Ti (ID=0x2208)
    Vendor:   NVIDIA
    VRAM:     12086 MB
    Driver:   31.0.15.5186
Initialize mono
Mono path[0] = 'C:/Program Files/Unity/Hub/Editor/2022.3.26f1/Editor/Data/Managed'
Mono path[1] = 'C:/Program Files/Unity/Hub/Editor/2022.3.26f1/Editor/Data/MonoBleedingEdge/lib/mono/unityjit-win32'
Mono config path = 'C:/Program Files/Unity/Hub/Editor/2022.3.26f1/Editor/Data/MonoBleedingEdge/etc'
Using monoOptions --debugger-agent=transport=dt_socket,embedding=1,server=y,suspend=n,address=127.0.0.1:56520
Begin MonoManager ReloadAssembly
Registering precompiled unity dll's ...
Register platform support module: C:/Program Files/Unity/Hub/Editor/2022.3.26f1/Editor/Data/PlaybackEngines/WebGLSupport/UnityEditor.WebGL.Extensions.dll
Register platform support module: C:/Program Files/Unity/Hub/Editor/2022.3.26f1/Editor/Data/PlaybackEngines/AndroidPlayer/UnityEditor.Android.Extensions.dll
Register platform support module: C:/Program Files/Unity/Hub/Editor/2022.3.26f1/Editor/Data/PlaybackEngines/WindowsStandaloneSupport/UnityEditor.WindowsStandalone.Extensions.dll
Register platform support module: C:/Program Files/Unity/Hub/Editor/2022.3.26f1/Editor/Data/PlaybackEngines/MetroSupport/UnityEditor.UWP.Extensions.dll
Registered in 0.012763 seconds.
- Loaded All Assemblies, in  0.377 seconds
Native extension for UWP target not found
Native extension for WindowsStandalone target not found
Native extension for Android target not found
Android Extension - Scanning For ADB Devices 213 ms
Native extension for WebGL target not found
Mono: successfully reloaded assembly
- Finished resetting the current domain, in  0.568 seconds
Domain Reload Profiling: 944ms
	BeginReloadAssembly (107ms)
		ExecutionOrderSort (0ms)
		DisableScriptedObjects (0ms)
		BackupInstance (0ms)
		ReleaseScriptingObjects (0ms)
		CreateAndSetChildDomain (1ms)
	RebuildCommonClasses (34ms)
	RebuildNativeTypeToScriptingClass (11ms)
	initialDomainReloadingComplete (69ms)
	LoadAllAssembliesAndSetupDomain (155ms)
		LoadAssemblies (106ms)
		RebuildTransferFunctionScriptingTraits (0ms)
		AnalyzeDomain (152ms)
			TypeCache.Refresh (151ms)
				TypeCache.ScanAssembly (138ms)
			ScanForSourceGeneratedMonoScriptInfo (0ms)
			ResolveRequiredComponents (1ms)
	FinalizeReload (568ms)
		ReleaseScriptCaches (0ms)
		RebuildScriptCaches (0ms)
		SetupLoadedEditorAssemblies (505ms)
			LogAssemblyErrors (0ms)
			InitializePlatformSupportModulesInManaged (330ms)
			SetLoadedEditorAssemblies (5ms)
			RefreshPlugins (0ms)
			BeforeProcessingInitializeOnLoad (2ms)
			ProcessInitializeOnLoadAttributes (120ms)
			ProcessInitializeOnLoadMethodAttributes (48ms)
			AfterProcessingInitializeOnLoad (0ms)
			EditorAssembliesLoaded (0ms)
		ExecutionOrderSort2 (0ms)
		AwakeInstancesAfterBackupRestoration (0ms)
========================================================================
Worker process is ready to serve import requests
Begin MonoManager ReloadAssembly
- Loaded All Assemblies, in  0.718 seconds
Refreshing native plugins compatible for Editor in 3.31 ms, found 3 plugins.
Native extension for UWP target not found
Native extension for WindowsStandalone target not found
Native extension for Android target not found
Native extension for WebGL target not found
Package Manager log level set to [2]
[Package Manager] Server::EnsureServerProcessIsRunning -- launch failed, reason: Unity was launched with the -noUpm command-line argument
[Package Manager] UpmClient::Send -- Unable to send message (not connected to UPM process).
[Package Manager] Cannot connect to Unity Package Manager local server
Mono: successfully reloaded assembly
- Finished resetting the current domain, in  0.769 seconds
Domain Reload Profiling: 1484ms
	BeginReloadAssembly (142ms)
		ExecutionOrderSort (0ms)
		DisableScriptedObjects (7ms)
		BackupInstance (0ms)
		ReleaseScriptingObjects (0ms)
		CreateAndSetChildDomain (19ms)
	RebuildCommonClasses (33ms)
	RebuildNativeTypeToScriptingClass (11ms)
	initialDomainReloadingComplete (47ms)
	LoadAllAssembliesAndSetupDomain (482ms)
		LoadAssemblies (324ms)
		RebuildTransferFunctionScriptingTraits (0ms)
		AnalyzeDomain (239ms)
			TypeCache.Refresh (197ms)
				TypeCache.ScanAssembly (172ms)
			ScanForSourceGeneratedMonoScriptInfo (27ms)
			ResolveRequiredComponents (13ms)
	FinalizeReload (769ms)
		ReleaseScriptCaches (0ms)
		RebuildScriptCaches (0ms)
		SetupLoadedEditorAssemblies (580ms)
			LogAssemblyErrors (0ms)
			InitializePlatformSupportModulesInManaged (30ms)
			SetLoadedEditorAssemblies (5ms)
			RefreshPlugins (0ms)
			BeforeProcessingInitializeOnLoad (75ms)
			ProcessInitializeOnLoadAttributes (388ms)
			ProcessInitializeOnLoadMethodAttributes (75ms)
			AfterProcessingInitializeOnLoad (7ms)
			EditorAssembliesLoaded (0ms)
		ExecutionOrderSort2 (0ms)
		AwakeInstancesAfterBackupRestoration (6ms)
Launched and connected shader compiler UnityShaderCompiler.exe after 0.03 seconds
Refreshing native plugins compatible for Editor in 3.18 ms, found 3 plugins.
Preloading 0 native plugins for Editor in 0.00 ms.
Unloading 5104 Unused Serialized files (Serialized files now loaded: 0)
Unloading 76 unused Assets / (395.1 KB). Loaded Objects now: 5568.
Memory consumption went from 216.2 MB to 215.8 MB.
Total: 4.250900 ms (FindLiveObjects: 0.676800 ms CreateObjectMapping: 0.206300 ms MarkObjects: 3.134900 ms  DeleteObjects: 0.231400 ms)

AssetImportParameters requested are different than current active one (requested -> active):
  custom:container-demuxer-ogg: 62fdf1f143b41e24485cea50d1cbac27 -> 
  custom:video-decoder-ogg-theora: a1e56fd34408186e4bbccfd4996cb3dc -> 
  custom:framework-win-MediaFoundation: 216162199b28c13a410421893ffa2e32 -> 
  custom:CustomObjectIndexerAttribute: 72b91833f83ae208fae7752999fa3104 -> 
  custom:container-demuxer-webm: 4f35f7cbe854078d1ac9338744f61a02 -> 
  custom:container-muxer-webm: aa71ff27fc2769a1b78a27578f13a17b -> 
  custom:video-decoder-webm-vp8: 9c59270c3fd7afecdb556c50c9e8de78 -> 
  custom:SearchIndexIgnoredProperties: e643bd26f0fe6173181afceb89e7c659 -> 
  custom:AudioImporter_EditorPlatform: d09bf68614088b80899f8185d706f6e7 -> 
  custom:video-encoder-webm-vp8: eb34c28f22e8b96e1ab97ce403110664 -> 
  custom:audio-decoder-ogg-vorbis: bf7c407c2cedff20999df2af8eb42d56 -> 
  custom:audio-encoder-webm-vorbis: bf7c407c2cedff20999df2af8eb42d56 -> 
========================================================================
Received Import Request.
  Time since last request: 10091.006306 seconds.
  path: Assets/3D Models/MOCHI BABY/Unity Textures/T_Mochi_Baby_Eyebrow.png
  artifactKey: Guid(d3adccb67817c9645a4f53a9af04fb36) Importer(2089858483,0ecaa5967403d082aa24f35e1b516d23)
Start importing Assets/3D Models/MOCHI BABY/Unity Textures/T_Mochi_Baby_Eyebrow.png using Guid(d3adccb67817c9645a4f53a9af04fb36) Importer(2089858483,0ecaa5967403d082aa24f35e1b516d23)  -> (artifact id: '52f8d16003701dd5a52989e7e098abd6') in 0.282239 seconds
Number of updated asset objects reloaded before import = 0
Number of asset objects unloaded after import = 1
========================================================================
Received Import Request.
  Time since last request: 0.000518 seconds.
  path: Assets/Simple Scroll-Snap/Examples/Example 4 (Pinned Map)/Sprites/World Map.png
  artifactKey: Guid(f3813c873b5fb434881c68f57d7dea01) Importer(2089858483,0ecaa5967403d082aa24f35e1b516d23)
Start importing Assets/Simple Scroll-Snap/Examples/Example 4 (Pinned Map)/Sprites/World Map.png using Guid(f3813c873b5fb434881c68f57d7dea01) Importer(2089858483,0ecaa5967403d082aa24f35e1b516d23)  -> (artifact id: 'b01c51da69b930f6be57dfa5598c9757') in 0.298794 seconds
Number of updated asset objects reloaded before import = 0
Number of asset objects unloaded after import = 3
========================================================================
Received Import Request.
  Time since last request: 0.000024 seconds.
  path: Assets/Simple Scroll-Snap/Examples/Example 6 (3D Shape Selection)/Scripts/Rotator.cs
  artifactKey: Guid(d85aaaec377f5644da61d35b96f954e8) Importer(2089858483,0ecaa5967403d082aa24f35e1b516d23)
Start importing Assets/Simple Scroll-Snap/Examples/Example 6 (3D Shape Selection)/Scripts/Rotator.cs using Guid(d85aaaec377f5644da61d35b96f954e8) Importer(2089858483,0ecaa5967403d082aa24f35e1b516d23)  -> (artifact id: '5334ef60809d620a9e3a7945b7e8c493') in 0.010482 seconds
Number of updated asset objects reloaded before import = 0
Number of asset objects unloaded after import = 1
========================================================================
Received Import Request.
  Time since last request: 0.000025 seconds.
  path: Assets/Simple Scroll-Snap/Examples/Example 2 (iOS Home Screen)/Sprites/Background.PNG
  artifactKey: Guid(4b240666149120f4e90406f2a593fbc8) Importer(2089858483,0ecaa5967403d082aa24f35e1b516d23)
Start importing Assets/Simple Scroll-Snap/Examples/Example 2 (iOS Home Screen)/Sprites/Background.PNG using Guid(4b240666149120f4e90406f2a593fbc8) Importer(2089858483,0ecaa5967403d082aa24f35e1b516d23)  -> (artifact id: '5d2671ab5adab0607d4b312fd8baf277') in 0.064968 seconds
Number of updated asset objects reloaded before import = 0
Number of asset objects unloaded after import = 3
========================================================================
Received Import Request.
  Time since last request: 0.000023 seconds.
  path: Assets/Scripts/UI/CustomToggle.cs
  artifactKey: Guid(4d9d4d0265cb3d7439a3a1dd119f830c) Importer(2089858483,0ecaa5967403d082aa24f35e1b516d23)
Start importing Assets/Scripts/UI/CustomToggle.cs using Guid(4d9d4d0265cb3d7439a3a1dd119f830c) Importer(2089858483,0ecaa5967403d082aa24f35e1b516d23)  -> (artifact id: 'd7f2a5f2977e0cea8ce3e75bb7a710fb') in 0.029343 seconds
Number of updated asset objects reloaded before import = 0
Number of asset objects unloaded after import = 1
========================================================================
Received Import Request.
  Time since last request: 0.000029 seconds.
  path: Assets/QRcode/Plugins/iOS/libEasyWebCam.a
  artifactKey: Guid(dc21e5e82a73f48499e2180b0548139c) Importer(2089858483,0ecaa5967403d082aa24f35e1b516d23)
Start importing Assets/QRcode/Plugins/iOS/libEasyWebCam.a using Guid(dc21e5e82a73f48499e2180b0548139c) Importer(2089858483,0ecaa5967403d082aa24f35e1b516d23)  -> (artifact id: 'a8556dff80afd295b74c67b797f02948') in 0.021032 seconds
Number of updated asset objects reloaded before import = 0
Number of asset objects unloaded after import = 1
========================================================================
Received Import Request.
  Time since last request: 0.000017 seconds.
  path: Assets/JKT_ART/mon_00/materials/mon_body02.mat
  artifactKey: Guid(0c1163c9d0370084bba05cbe529ef8f8) Importer(2089858483,0ecaa5967403d082aa24f35e1b516d23)
Start importing Assets/JKT_ART/mon_00/materials/mon_body02.mat using Guid(0c1163c9d0370084bba05cbe529ef8f8) Importer(2089858483,0ecaa5967403d082aa24f35e1b516d23)  -> (artifact id: 'a366e505c60a9b708ba75b4924280d86') in 0.028833 seconds
Number of updated asset objects reloaded before import = 0
Number of asset objects unloaded after import = 2
========================================================================
Received Import Request.
  Time since last request: 0.000018 seconds.
  path: Assets/Simple Scroll-Snap/Examples/Example 1 (macOS Finder)/Sprites/Songs/“Don’t Stop Believing” by Journey.png
  artifactKey: Guid(3621269e3324615448725201e33a4936) Importer(2089858483,0ecaa5967403d082aa24f35e1b516d23)
Start importing Assets/Simple Scroll-Snap/Examples/Example 1 (macOS Finder)/Sprites/Songs/“Don’t Stop Believing” by Journey.png using Guid(3621269e3324615448725201e33a4936) Importer(2089858483,0ecaa5967403d082aa24f35e1b516d23)  -> (artifact id: '86aea5ba2531731e247e16e7a23fe33b') in 0.030477 seconds
Number of updated asset objects reloaded before import = 0
Number of asset objects unloaded after import = 3
========================================================================
Received Import Request.
  Time since last request: 0.000020 seconds.
  path: Assets/Simple Scroll-Snap/Scripts/Plugins/Utilities/StringUtility.cs
  artifactKey: Guid(f48484db9b1f6524193b047016d92447) Importer(2089858483,0ecaa5967403d082aa24f35e1b516d23)
Start importing Assets/Simple Scroll-Snap/Scripts/Plugins/Utilities/StringUtility.cs using Guid(f48484db9b1f6524193b047016d92447) Importer(2089858483,0ecaa5967403d082aa24f35e1b516d23)  -> (artifact id: '27fce50667972a93cfeb5ea0f9860f20') in 0.016558 seconds
Number of updated asset objects reloaded before import = 0
Number of asset objects unloaded after import = 1
========================================================================
Received Import Request.
  Time since last request: 0.000025 seconds.
  path: Assets/Simple Scroll-Snap/Examples/Example 1 (macOS Finder)/Sprites/Songs/“Billie Jean” by Michael Jackson.png
  artifactKey: Guid(c90785bb05cee914492e08db8b5cbadc) Importer(2089858483,0ecaa5967403d082aa24f35e1b516d23)
Start importing Assets/Simple Scroll-Snap/Examples/Example 1 (macOS Finder)/Sprites/Songs/“Billie Jean” by Michael Jackson.png using Guid(c90785bb05cee914492e08db8b5cbadc) Importer(2089858483,0ecaa5967403d082aa24f35e1b516d23)  -> (artifact id: '0351767d11d367e131e3ba6d03cbf32b') in 0.023906 seconds
Number of updated asset objects reloaded before import = 0
Number of asset objects unloaded after import = 3
========================================================================
Received Import Request.
  Time since last request: 0.000017 seconds.
  path: Assets/Simple Scroll-Snap/Examples/Example 1 (macOS Finder)/Sprites/Songs/“I Wanna Dance With Somebody” by Whitney Houston.png
  artifactKey: Guid(1b1591d064acd444eb40619a731c87f6) Importer(2089858483,0ecaa5967403d082aa24f35e1b516d23)
Start importing Assets/Simple Scroll-Snap/Examples/Example 1 (macOS Finder)/Sprites/Songs/“I Wanna Dance With Somebody” by Whitney Houston.png using Guid(1b1591d064acd444eb40619a731c87f6) Importer(2089858483,0ecaa5967403d082aa24f35e1b516d23)  -> (artifact id: 'ca7e9c7e5f92bd5712449938e979ad9c') in 0.029460 seconds
Number of updated asset objects reloaded before import = 0
Number of asset objects unloaded after import = 3
========================================================================
Received Import Request.
  Time since last request: 8.675087 seconds.
  path: Assets/Settings/URP-Performant.asset
  artifactKey: Guid(d0e2fc18fe036412f8223b3b3d9ad574) Importer(815301076,1909f56bfc062723c751e8b465ee728b)
Start importing Assets/Settings/URP-Performant.asset using Guid(d0e2fc18fe036412f8223b3b3d9ad574) Importer(815301076,1909f56bfc062723c751e8b465ee728b)  -> (artifact id: 'cba35c99064b21e89f29edf014b4a4f4') in 0.010925 seconds
Number of updated asset objects reloaded before import = 0
Number of asset objects unloaded after import = 2
========================================================================
Received Import Request.
  Time since last request: 332.710864 seconds.
  path: Assets/Scenes/Home.unity
  artifactKey: Guid(99c9720ab356a0642a771bea13969a05) Importer(2089858483,0ecaa5967403d082aa24f35e1b516d23)
Start importing Assets/Scenes/Home.unity using Guid(99c9720ab356a0642a771bea13969a05) Importer(2089858483,0ecaa5967403d082aa24f35e1b516d23)  -> (artifact id: '88fe439e27c640c1e754518ab4327841') in 0.016248 seconds
Number of updated asset objects reloaded before import = 0
Number of asset objects unloaded after import = 1
